<?xml version="1.0" encoding="UTF-8"?>
<testsuite name="com.devdelivery.products.application.CreateProductTest" tests="1" skipped="1" failures="0" errors="0" timestamp="2022-10-23T18:44:44" hostname="BRSPPM-C02GKKW6MD6M.local" time="0.0">
  <properties/>
  <testcase name="givenAValidInputWhenCreateProductShouldReturnCorrectlyOutput()" classname="com.devdelivery.products.application.CreateProductTest" time="0.0">
    <skipped/>
  </testcase>
  <system-out><![CDATA[]]></system-out>
  <system-err><![CDATA[]]></system-err>
</testsuite>
